{"level":"info","message":"Connecting to redis","timestamp":"2017-08-14T21:41:57.541Z"}
{"meta":"","level":"info","message":"","timestamp":"2017-08-14T21:41:57.552Z"}
{"level":"info","message":"Application started!","timestamp":"2017-08-14T21:41:57.552Z"}
{"level":"info","message":"----------------------------------------------","timestamp":"2017-08-14T21:41:57.552Z"}
{"level":"info","message":"Environment:\tdebug","timestamp":"2017-08-14T21:41:57.552Z"}
{"level":"info","message":"IP:\t\tlocalhost","timestamp":"2017-08-14T21:41:57.552Z"}
{"level":"info","message":"Port:\t\t8080","timestamp":"2017-08-14T21:41:57.553Z"}
{"level":"info","message":"Database:\t\t","timestamp":"2017-08-14T21:41:57.553Z"}
{"meta":"","level":"info","message":"","timestamp":"2017-08-14T21:41:57.553Z"}
{"level":"info","message":"----------------------------------------------","timestamp":"2017-08-14T21:41:57.553Z"}
{"meta":"","level":"info","message":"","timestamp":"2017-08-14T21:41:57.557Z"}
{"level":"info","message":"Redis connected!","timestamp":"2017-08-14T21:41:57.557Z"}
{"level":"info","message":"----------------------------------------------","timestamp":"2017-08-14T21:41:57.557Z"}
{"level":"info","message":"Host:\tlocalhost","timestamp":"2017-08-14T21:41:57.557Z"}
{"level":"info","message":"Port:\t\t6379","timestamp":"2017-08-14T21:41:57.557Z"}
{"meta":"","level":"info","message":"","timestamp":"2017-08-14T21:41:57.557Z"}
{"level":"info","message":"----------------------------------------------","timestamp":"2017-08-14T21:41:57.557Z"}
{"level":"info","message":"Connected to mongodb: usersDb","timestamp":"2017-08-14T21:41:57.560Z"}
{"level":"info","message":"-----Getting user session---------","timestamp":"2017-08-14T21:42:25.263Z"}
{"level":"info","message":"Connecting to redis","timestamp":"2017-08-14T21:43:26.136Z"}
{"meta":"","level":"info","message":"","timestamp":"2017-08-14T21:43:26.151Z"}
{"level":"info","message":"Application started!","timestamp":"2017-08-14T21:43:26.152Z"}
{"level":"info","message":"----------------------------------------------","timestamp":"2017-08-14T21:43:26.152Z"}
{"level":"info","message":"Environment:\tdebug","timestamp":"2017-08-14T21:43:26.152Z"}
{"level":"info","message":"IP:\t\tlocalhost","timestamp":"2017-08-14T21:43:26.152Z"}
{"level":"info","message":"Port:\t\t8080","timestamp":"2017-08-14T21:43:26.152Z"}
{"level":"info","message":"Database:\t\t","timestamp":"2017-08-14T21:43:26.152Z"}
{"meta":"","level":"info","message":"","timestamp":"2017-08-14T21:43:26.152Z"}
{"level":"info","message":"----------------------------------------------","timestamp":"2017-08-14T21:43:26.152Z"}
{"meta":"","level":"info","message":"","timestamp":"2017-08-14T21:43:26.160Z"}
{"level":"info","message":"Redis connected!","timestamp":"2017-08-14T21:43:26.160Z"}
{"level":"info","message":"----------------------------------------------","timestamp":"2017-08-14T21:43:26.160Z"}
{"level":"info","message":"Host:\tlocalhost","timestamp":"2017-08-14T21:43:26.160Z"}
{"level":"info","message":"Port:\t\t6379","timestamp":"2017-08-14T21:43:26.160Z"}
{"meta":"","level":"info","message":"","timestamp":"2017-08-14T21:43:26.160Z"}
{"level":"info","message":"----------------------------------------------","timestamp":"2017-08-14T21:43:26.160Z"}
{"level":"info","message":"Connected to mongodb: usersDb","timestamp":"2017-08-14T21:43:26.164Z"}
{"level":"info","message":"-----Getting user session---------","timestamp":"2017-08-14T21:43:57.150Z"}
{"level":"info","message":"-----Getting user session---------","timestamp":"2017-08-14T21:46:27.243Z"}
{"level":"info","message":"-----Getting user session---------","timestamp":"2017-08-14T21:47:00.255Z"}
{"level":"info","message":"-----Getting user session---------","timestamp":"2017-08-14T21:50:49.164Z"}
{"level":"info","message":"Connecting to redis","timestamp":"2017-08-14T21:55:50.512Z"}
{"meta":"","level":"info","message":"","timestamp":"2017-08-14T21:55:50.524Z"}
{"level":"info","message":"Application started!","timestamp":"2017-08-14T21:55:50.524Z"}
{"level":"info","message":"----------------------------------------------","timestamp":"2017-08-14T21:55:50.525Z"}
{"level":"info","message":"Environment:\tdebug","timestamp":"2017-08-14T21:55:50.525Z"}
{"level":"info","message":"IP:\t\tlocalhost","timestamp":"2017-08-14T21:55:50.525Z"}
{"level":"info","message":"Port:\t\t8080","timestamp":"2017-08-14T21:55:50.525Z"}
{"level":"info","message":"Database:\t\t","timestamp":"2017-08-14T21:55:50.525Z"}
{"meta":"","level":"info","message":"","timestamp":"2017-08-14T21:55:50.525Z"}
{"level":"info","message":"----------------------------------------------","timestamp":"2017-08-14T21:55:50.525Z"}
{"meta":"","level":"info","message":"","timestamp":"2017-08-14T21:55:50.530Z"}
{"level":"info","message":"Redis connected!","timestamp":"2017-08-14T21:55:50.530Z"}
{"level":"info","message":"----------------------------------------------","timestamp":"2017-08-14T21:55:50.530Z"}
{"level":"info","message":"Host:\tlocalhost","timestamp":"2017-08-14T21:55:50.530Z"}
{"level":"info","message":"Port:\t\t6379","timestamp":"2017-08-14T21:55:50.530Z"}
{"meta":"","level":"info","message":"","timestamp":"2017-08-14T21:55:50.530Z"}
{"level":"info","message":"----------------------------------------------","timestamp":"2017-08-14T21:55:50.531Z"}
{"level":"info","message":"Connected to mongodb: usersDb","timestamp":"2017-08-14T21:55:50.534Z"}
